접속한 클라이언트 IP : 127.0.0.1
접근한 URL 경로 : /
요청 처리 시작 시각 : 2023/07/17 15:45:18
요청 처리 종료 시각 : 2023/07/17 15:45:18
요청 처리 소요 시간 : 4ms
===================================
접속한 클라이언트 IP : 127.0.0.1
접근한 URL 경로 : /
요청 처리 시작 시각 : 2023/07/17 15:45:18
요청 처리 종료 시각 : 2023/07/17 15:45:18
요청 처리 소요 시간 : 0ms
===================================
접속한 클라이언트 IP : 0:0:0:0:0:0:0:1
접근한 URL 경로 : /
요청 처리 시작 시각 : 2023/07/17 15:45:18
요청 처리 종료 시각 : 2023/07/17 15:45:18
요청 처리 소요 시간 : 0ms
===================================
접속한 클라이언트 IP : 0:0:0:0:0:0:0:1
접근한 URL 경로 : /favicon.ico
요청 처리 시작 시각 : 2023/07/17 15:45:19
요청 처리 종료 시각 : 2023/07/17 15:45:19
요청 처리 소요 시간 : 1ms
===================================
접속한 클라이언트 IP : 0:0:0:0:0:0:0:1
접근한 URL 경로 : /products.jsp
요청 처리 시작 시각 : 2023/07/17 15:45:31
요청 처리 종료 시각 : 2023/07/17 15:45:31
요청 처리 소요 시간 : 190ms
===================================
접속한 클라이언트 IP : 0:0:0:0:0:0:0:1
접근한 URL 경로 : /images/P1234.jpg
접속한 클라이언트 IP : 0:0:0:0:0:0:0:1
접근한 URL 경로 : /images/P1236.jpg
요청 처리 시작 시각 : 2023/07/17 15:45:31
요청 처리 시작 시각 : 2023/07/17 15:45:31
접속한 클라이언트 IP : 0:0:0:0:0:0:0:1
접근한 URL 경로 : /images/P1235.jpg
요청 처리 시작 시각 : 2023/07/17 15:45:31
요청 처리 종료 시각 : 2023/07/17 15:45:31
요청 처리 소요 시간 : 2ms
===================================
요청 처리 종료 시각 : 2023/07/17 15:45:31
요청 처리 소요 시간 : 2ms
===================================
요청 처리 종료 시각 : 2023/07/17 15:45:31
요청 처리 소요 시간 : 3ms
===================================
접속한 클라이언트 IP : 0:0:0:0:0:0:0:1
접근한 URL 경로 : /login.jsp?error=1
요청 처리 시작 시각 : 2023/07/17 15:58:11
요청 처리 종료 시각 : 2023/07/17 15:58:11
요청 처리 소요 시간 : 2ms
===================================
접속한 클라이언트 IP : 0:0:0:0:0:0:0:1
접근한 URL 경로 : /login.jsp?error=1
요청 처리 시작 시각 : 2023/07/17 15:58:16
요청 처리 종료 시각 : 2023/07/17 15:58:16
요청 처리 소요 시간 : 3ms
===================================
접속한 클라이언트 IP : 127.0.0.1
접근한 URL 경로 : /
요청 처리 시작 시각 : 2023/07/17 16:00:16
요청 처리 종료 시각 : 2023/07/17 16:00:16
요청 처리 소요 시간 : 5ms
===================================
접속한 클라이언트 IP : 0:0:0:0:0:0:0:1
접근한 URL 경로 : /products.jsp
요청 처리 시작 시각 : 2023/07/17 16:00:33
요청 처리 종료 시각 : 2023/07/17 16:00:33
요청 처리 소요 시간 : 223ms
===================================
접속한 클라이언트 IP : 0:0:0:0:0:0:0:1
접속한 클라이언트 IP : 0:0:0:0:0:0:0:1
접근한 URL 경로 : /images/P1234.jpg
접근한 URL 경로 : /css/bootstrap.min.css
요청 처리 시작 시각 : 2023/07/17 16:00:33
요청 처리 시작 시각 : 2023/07/17 16:00:33
요청 처리 종료 시각 : 2023/07/17 16:00:33
요청 처리 소요 시간 : 1ms
===================================
요청 처리 종료 시각 : 2023/07/17 16:00:33
요청 처리 소요 시간 : 3ms
===================================
접속한 클라이언트 IP : 0:0:0:0:0:0:0:1
접근한 URL 경로 : /images/P1235.jpg
요청 처리 시작 시각 : 2023/07/17 16:00:33
접속한 클라이언트 IP : 0:0:0:0:0:0:0:1
접근한 URL 경로 : /images/P1236.jpg
요청 처리 시작 시각 : 2023/07/17 16:00:33
요청 처리 종료 시각 : 2023/07/17 16:00:33
요청 처리 소요 시간 : 2ms
===================================
요청 처리 종료 시각 : 2023/07/17 16:00:33
요청 처리 소요 시간 : 2ms
===================================
접속한 클라이언트 IP : 0:0:0:0:0:0:0:1
접근한 URL 경로 : /favicon.ico
요청 처리 시작 시각 : 2023/07/17 16:00:33
요청 처리 종료 시각 : 2023/07/17 16:00:33
요청 처리 소요 시간 : 1ms
===================================
접속한 클라이언트 IP : 0:0:0:0:0:0:0:1
접근한 URL 경로 : /product.jsp?productId=P1234
요청 처리 시작 시각 : 2023/07/17 16:00:41
요청 처리 종료 시각 : 2023/07/17 16:00:41
요청 처리 소요 시간 : 90ms
===================================
접속한 클라이언트 IP : 0:0:0:0:0:0:0:1
접근한 URL 경로 : /addCart.jsp?productId=P1234
요청 처리 시작 시각 : 2023/07/17 16:00:46
요청 처리 종료 시각 : 2023/07/17 16:00:46
요청 처리 소요 시간 : 93ms
===================================
접속한 클라이언트 IP : 0:0:0:0:0:0:0:1
접근한 URL 경로 : /product.jsp?productId=P1234
요청 처리 시작 시각 : 2023/07/17 16:00:46
요청 처리 종료 시각 : 2023/07/17 16:00:46
요청 처리 소요 시간 : 2ms
===================================
접속한 클라이언트 IP : 0:0:0:0:0:0:0:1
접근한 URL 경로 : /addCart.jsp?productId=P1234
요청 처리 시작 시각 : 2023/07/17 16:00:49
요청 처리 종료 시각 : 2023/07/17 16:00:49
요청 처리 소요 시간 : 1ms
===================================
접속한 클라이언트 IP : 0:0:0:0:0:0:0:1
접근한 URL 경로 : /product.jsp?productId=P1234
요청 처리 시작 시각 : 2023/07/17 16:00:49
요청 처리 종료 시각 : 2023/07/17 16:00:49
요청 처리 소요 시간 : 1ms
===================================
접속한 클라이언트 IP : 0:0:0:0:0:0:0:1
접근한 URL 경로 : /products.jsp
요청 처리 시작 시각 : 2023/07/17 16:00:50
요청 처리 종료 시각 : 2023/07/17 16:00:50
요청 처리 소요 시간 : 4ms
===================================
접속한 클라이언트 IP : 0:0:0:0:0:0:0:1
접근한 URL 경로 : /product.jsp?productId=P1235
요청 처리 시작 시각 : 2023/07/17 16:00:53
요청 처리 종료 시각 : 2023/07/17 16:00:53
요청 처리 소요 시간 : 7ms
===================================
접속한 클라이언트 IP : 0:0:0:0:0:0:0:1
접근한 URL 경로 : /addCart.jsp?productId=P1235
요청 처리 시작 시각 : 2023/07/17 16:00:55
요청 처리 종료 시각 : 2023/07/17 16:00:55
요청 처리 소요 시간 : 1ms
===================================
접속한 클라이언트 IP : 0:0:0:0:0:0:0:1
접근한 URL 경로 : /product.jsp?productId=P1235
요청 처리 시작 시각 : 2023/07/17 16:00:55
요청 처리 종료 시각 : 2023/07/17 16:00:55
요청 처리 소요 시간 : 3ms
===================================
접속한 클라이언트 IP : 0:0:0:0:0:0:0:1
접근한 URL 경로 : /cart.jsp
요청 처리 시작 시각 : 2023/07/17 16:00:58
요청 처리 종료 시각 : 2023/07/17 16:00:58
요청 처리 소요 시간 : 115ms
===================================
접속한 클라이언트 IP : 0:0:0:0:0:0:0:1
접근한 URL 경로 : /product.jsp?productId=P1235
요청 처리 시작 시각 : 2023/07/17 16:02:53
요청 처리 종료 시각 : 2023/07/17 16:02:53
요청 처리 소요 시간 : 3ms
===================================
접속한 클라이언트 IP : 0:0:0:0:0:0:0:1
접근한 URL 경로 : /css/bootstrap.min.css
요청 처리 시작 시각 : 2023/07/17 16:02:53
요청 처리 종료 시각 : 2023/07/17 16:02:53
요청 처리 소요 시간 : 1ms
===================================
접속한 클라이언트 IP : 0:0:0:0:0:0:0:1
접근한 URL 경로 : /images/P1235.jpg
요청 처리 시작 시각 : 2023/07/17 16:02:53
요청 처리 종료 시각 : 2023/07/17 16:02:53
요청 처리 소요 시간 : 1ms
===================================
접속한 클라이언트 IP : 0:0:0:0:0:0:0:1
접근한 URL 경로 : /favicon.ico
요청 처리 시작 시각 : 2023/07/17 16:02:53
요청 처리 종료 시각 : 2023/07/17 16:02:53
요청 처리 소요 시간 : 0ms
===================================
접속한 클라이언트 IP : 0:0:0:0:0:0:0:1
접근한 URL 경로 : /product.jsp?productId=P1235
요청 처리 시작 시각 : 2023/07/17 16:02:54
요청 처리 종료 시각 : 2023/07/17 16:02:54
요청 처리 소요 시간 : 3ms
===================================
접속한 클라이언트 IP : 0:0:0:0:0:0:0:1
접속한 클라이언트 IP : 0:0:0:0:0:0:0:1
접근한 URL 경로 : /css/bootstrap.min.css
요청 처리 시작 시각 : 2023/07/17 16:02:54
접근한 URL 경로 : /images/P1235.jpg
요청 처리 시작 시각 : 2023/07/17 16:02:54
요청 처리 종료 시각 : 2023/07/17 16:02:54
요청 처리 소요 시간 : 1ms
===================================
요청 처리 종료 시각 : 2023/07/17 16:02:54
요청 처리 소요 시간 : 2ms
===================================
접속한 클라이언트 IP : 0:0:0:0:0:0:0:1
접근한 URL 경로 : /favicon.ico
요청 처리 시작 시각 : 2023/07/17 16:02:54
요청 처리 종료 시각 : 2023/07/17 16:02:54
요청 처리 소요 시간 : 0ms
===================================
접속한 클라이언트 IP : 0:0:0:0:0:0:0:1
접근한 URL 경로 : /product.jsp?productId=P1235
요청 처리 시작 시각 : 2023/07/17 16:02:54
요청 처리 종료 시각 : 2023/07/17 16:02:54
요청 처리 소요 시간 : 1ms
===================================
접속한 클라이언트 IP : 0:0:0:0:0:0:0:1
접근한 URL 경로 : /css/bootstrap.min.css
요청 처리 시작 시각 : 2023/07/17 16:02:54
요청 처리 종료 시각 : 2023/07/17 16:02:54
요청 처리 소요 시간 : 1ms
===================================
접속한 클라이언트 IP : 0:0:0:0:0:0:0:1
접근한 URL 경로 : /images/P1235.jpg
요청 처리 시작 시각 : 2023/07/17 16:02:54
요청 처리 종료 시각 : 2023/07/17 16:02:54
요청 처리 소요 시간 : 0ms
===================================
접속한 클라이언트 IP : 0:0:0:0:0:0:0:1
접근한 URL 경로 : /favicon.ico
요청 처리 시작 시각 : 2023/07/17 16:02:54
요청 처리 종료 시각 : 2023/07/17 16:02:54
요청 처리 소요 시간 : 0ms
===================================
접속한 클라이언트 IP : 0:0:0:0:0:0:0:1
접근한 URL 경로 : /cart.jsp
요청 처리 시작 시각 : 2023/07/17 16:02:55
요청 처리 종료 시각 : 2023/07/17 16:02:55
요청 처리 소요 시간 : 97ms
===================================
접속한 클라이언트 IP : 0:0:0:0:0:0:0:1
접근한 URL 경로 : /shippingInfo.jsp?cartId=3C81984DFFB91ECB7370630BE5AC37F8
요청 처리 시작 시각 : 2023/07/17 16:03:00
요청 처리 종료 시각 : 2023/07/17 16:03:00
요청 처리 소요 시간 : 77ms
===================================
접속한 클라이언트 IP : 0:0:0:0:0:0:0:1
접근한 URL 경로 : /processShippingInfo.jsp
요청 처리 시작 시각 : 2023/07/17 16:03:14
요청 처리 종료 시각 : 2023/07/17 16:03:14
요청 처리 소요 시간 : 70ms
===================================
접속한 클라이언트 IP : 0:0:0:0:0:0:0:1
접근한 URL 경로 : /ch14/cookie02.jsp
요청 처리 시작 시각 : 2023/07/17 16:03:17
요청 처리 종료 시각 : 2023/07/17 16:03:17
요청 처리 소요 시간 : 66ms
===================================
접속한 클라이언트 IP : 127.0.0.1
접근한 URL 경로 : /
요청 처리 시작 시각 : 2023/07/17 16:12:30
요청 처리 종료 시각 : 2023/07/17 16:12:30
요청 처리 소요 시간 : 3ms
===================================
접속한 클라이언트 IP : 127.0.0.1
접근한 URL 경로 : /
요청 처리 시작 시각 : 2023/07/17 16:12:30
요청 처리 종료 시각 : 2023/07/17 16:12:30
요청 처리 소요 시간 : 1ms
===================================
접속한 클라이언트 IP : 0:0:0:0:0:0:0:1
접근한 URL 경로 : /
요청 처리 시작 시각 : 2023/07/17 16:12:30
요청 처리 종료 시각 : 2023/07/17 16:12:30
요청 처리 소요 시간 : 0ms
===================================
접속한 클라이언트 IP : 0:0:0:0:0:0:0:1
접근한 URL 경로 : /favicon.ico
요청 처리 시작 시각 : 2023/07/17 16:12:30
요청 처리 종료 시각 : 2023/07/17 16:12:30
요청 처리 소요 시간 : 1ms
===================================
접속한 클라이언트 IP : 0:0:0:0:0:0:0:1
접근한 URL 경로 : /orderConfirmation.jsp
요청 처리 시작 시각 : 2023/07/17 16:32:07
요청 처리 종료 시각 : 2023/07/17 16:32:07
요청 처리 소요 시간 : 5ms
===================================
접속한 클라이언트 IP : 0:0:0:0:0:0:0:1
접근한 URL 경로 : /cart.jsp
요청 처리 시작 시각 : 2023/07/17 16:32:17
요청 처리 종료 시각 : 2023/07/17 16:32:17
요청 처리 소요 시간 : 196ms
===================================
접속한 클라이언트 IP : 0:0:0:0:0:0:0:1
접근한 URL 경로 : /products.jsp
요청 처리 시작 시각 : 2023/07/17 16:32:24
요청 처리 종료 시각 : 2023/07/17 16:32:24
요청 처리 소요 시간 : 92ms
===================================
접속한 클라이언트 IP : 0:0:0:0:0:0:0:1
접근한 URL 경로 : /images/P1234.jpg
요청 처리 시작 시각 : 2023/07/17 16:32:24
접속한 클라이언트 IP : 0:0:0:0:0:0:0:1
접근한 URL 경로 : /images/P1235.jpg
접속한 클라이언트 IP : 0:0:0:0:0:0:0:1
요청 처리 시작 시각 : 2023/07/17 16:32:24
접근한 URL 경로 : /images/P1236.jpg
요청 처리 시작 시각 : 2023/07/17 16:32:24
요청 처리 종료 시각 : 2023/07/17 16:32:24
요청 처리 소요 시간 : 1ms
===================================
요청 처리 종료 시각 : 2023/07/17 16:32:24
요청 처리 소요 시간 : 0ms
===================================
요청 처리 종료 시각 : 2023/07/17 16:32:24
요청 처리 소요 시간 : 1ms
===================================
접속한 클라이언트 IP : 0:0:0:0:0:0:0:1
접근한 URL 경로 : /login.jsp?error=1
요청 처리 시작 시각 : 2023/07/17 16:32:29
요청 처리 종료 시각 : 2023/07/17 16:32:29
요청 처리 소요 시간 : 1ms
===================================
접속한 클라이언트 IP : 0:0:0:0:0:0:0:1
접근한 URL 경로 : /login.jsp?error=1
요청 처리 시작 시각 : 2023/07/17 16:32:32
요청 처리 종료 시각 : 2023/07/17 16:32:32
요청 처리 소요 시간 : 3ms
===================================
접속한 클라이언트 IP : 127.0.0.1
접근한 URL 경로 : /
요청 처리 시작 시각 : 2023/07/17 16:33:48
요청 처리 종료 시각 : 2023/07/17 16:33:48
요청 처리 소요 시간 : 4ms
===================================
접속한 클라이언트 IP : 127.0.0.1
접근한 URL 경로 : /
요청 처리 시작 시각 : 2023/07/17 16:33:48
요청 처리 종료 시각 : 2023/07/17 16:33:48
요청 처리 소요 시간 : 0ms
===================================
접속한 클라이언트 IP : 0:0:0:0:0:0:0:1
접근한 URL 경로 : /
요청 처리 시작 시각 : 2023/07/17 16:33:48
요청 처리 종료 시각 : 2023/07/17 16:33:48
요청 처리 소요 시간 : 0ms
===================================
접속한 클라이언트 IP : 0:0:0:0:0:0:0:1
접근한 URL 경로 : /products.jsp
요청 처리 시작 시각 : 2023/07/17 16:33:52
요청 처리 종료 시각 : 2023/07/17 16:33:52
요청 처리 소요 시간 : 185ms
===================================
접속한 클라이언트 IP : 0:0:0:0:0:0:0:1
접근한 URL 경로 : /product.jsp?productId=P1234
요청 처리 시작 시각 : 2023/07/17 16:33:55
요청 처리 종료 시각 : 2023/07/17 16:33:55
요청 처리 소요 시간 : 86ms
===================================
접속한 클라이언트 IP : 0:0:0:0:0:0:0:1
접근한 URL 경로 : /addCart.jsp?productId=P1234
요청 처리 시작 시각 : 2023/07/17 16:33:59
요청 처리 종료 시각 : 2023/07/17 16:33:59
요청 처리 소요 시간 : 96ms
===================================
접속한 클라이언트 IP : 0:0:0:0:0:0:0:1
접근한 URL 경로 : /product.jsp?productId=P1234
요청 처리 시작 시각 : 2023/07/17 16:33:59
요청 처리 종료 시각 : 2023/07/17 16:33:59
요청 처리 소요 시간 : 1ms
===================================
접속한 클라이언트 IP : 0:0:0:0:0:0:0:1
접근한 URL 경로 : /cart.jsp
요청 처리 시작 시각 : 2023/07/17 16:34:00
요청 처리 종료 시각 : 2023/07/17 16:34:00
요청 처리 소요 시간 : 106ms
===================================
접속한 클라이언트 IP : 0:0:0:0:0:0:0:1
접근한 URL 경로 : /shippingInfo.jsp?cartId=ECBDA62F0A9309AC159244701EFAF288
요청 처리 시작 시각 : 2023/07/17 16:34:02
요청 처리 종료 시각 : 2023/07/17 16:34:02
요청 처리 소요 시간 : 73ms
===================================
접속한 클라이언트 IP : 0:0:0:0:0:0:0:1
접근한 URL 경로 : /processShippingInfo.jsp
요청 처리 시작 시각 : 2023/07/17 16:34:09
요청 처리 종료 시각 : 2023/07/17 16:34:09
요청 처리 소요 시간 : 69ms
===================================
접속한 클라이언트 IP : 0:0:0:0:0:0:0:1
접근한 URL 경로 : /orderConfirmation.jsp
요청 처리 시작 시각 : 2023/07/17 16:34:09
접속한 클라이언트 IP : 0:0:0:0:0:0:0:1
접근한 URL 경로 : /orderConfirmation.jsp
요청 처리 시작 시각 : 2023/07/17 16:34:19
접속한 클라이언트 IP : 0:0:0:0:0:0:0:1
접근한 URL 경로 : /favicon.ico
요청 처리 시작 시각 : 2023/07/17 16:34:20
요청 처리 종료 시각 : 2023/07/17 16:34:20
요청 처리 소요 시간 : 1ms
===================================
접속한 클라이언트 IP : 0:0:0:0:0:0:0:1
접근한 URL 경로 : /processShippingInfo.jsp
요청 처리 시작 시각 : 2023/07/17 16:34:37
요청 처리 종료 시각 : 2023/07/17 16:34:37
요청 처리 소요 시간 : 2ms
===================================
접속한 클라이언트 IP : 0:0:0:0:0:0:0:1
접근한 URL 경로 : /orderConfirmation.jsp
요청 처리 시작 시각 : 2023/07/17 16:34:37
접속한 클라이언트 IP : 0:0:0:0:0:0:0:1
접근한 URL 경로 : /orderConfirmation.jsp
요청 처리 시작 시각 : 2023/07/17 16:36:57
접속한 클라이언트 IP : 0:0:0:0:0:0:0:1
접근한 URL 경로 : /favicon.ico
요청 처리 시작 시각 : 2023/07/17 16:36:57
요청 처리 종료 시각 : 2023/07/17 16:36:57
요청 처리 소요 시간 : 0ms
===================================
접속한 클라이언트 IP : 0:0:0:0:0:0:0:1
접근한 URL 경로 : /orderConfirmation.jsp
요청 처리 시작 시각 : 2023/07/17 16:36:58
접속한 클라이언트 IP : 0:0:0:0:0:0:0:1
접근한 URL 경로 : /favicon.ico
요청 처리 시작 시각 : 2023/07/17 16:36:58
요청 처리 종료 시각 : 2023/07/17 16:36:58
요청 처리 소요 시간 : 0ms
===================================
접속한 클라이언트 IP : 0:0:0:0:0:0:0:1
접근한 URL 경로 : /processShippingInfo.jsp
요청 처리 시작 시각 : 2023/07/17 16:37:00
요청 처리 종료 시각 : 2023/07/17 16:37:00
요청 처리 소요 시간 : 2ms
===================================
접속한 클라이언트 IP : 0:0:0:0:0:0:0:1
접근한 URL 경로 : /orderConfirmation.jsp
요청 처리 시작 시각 : 2023/07/17 16:37:00
접속한 클라이언트 IP : 127.0.0.1
접근한 URL 경로 : /
요청 처리 시작 시각 : 2023/07/17 16:37:21
요청 처리 종료 시각 : 2023/07/17 16:37:21
요청 처리 소요 시간 : 4ms
===================================
접속한 클라이언트 IP : 127.0.0.1
접근한 URL 경로 : /
요청 처리 시작 시각 : 2023/07/17 16:37:21
요청 처리 종료 시각 : 2023/07/17 16:37:21
요청 처리 소요 시간 : 0ms
===================================
접속한 클라이언트 IP : 0:0:0:0:0:0:0:1
접근한 URL 경로 : /
요청 처리 시작 시각 : 2023/07/17 16:37:21
요청 처리 종료 시각 : 2023/07/17 16:37:21
요청 처리 소요 시간 : 0ms
===================================
접속한 클라이언트 IP : 0:0:0:0:0:0:0:1
접근한 URL 경로 : /products.jsp
요청 처리 시작 시각 : 2023/07/17 16:37:25
요청 처리 종료 시각 : 2023/07/17 16:37:25
요청 처리 소요 시간 : 185ms
===================================
접속한 클라이언트 IP : 0:0:0:0:0:0:0:1
접근한 URL 경로 : /product.jsp?productId=P1234
요청 처리 시작 시각 : 2023/07/17 16:37:28
요청 처리 종료 시각 : 2023/07/17 16:37:28
요청 처리 소요 시간 : 86ms
===================================
접속한 클라이언트 IP : 0:0:0:0:0:0:0:1
접근한 URL 경로 : /addCart.jsp?productId=P1234
요청 처리 시작 시각 : 2023/07/17 16:37:30
요청 처리 종료 시각 : 2023/07/17 16:37:30
요청 처리 소요 시간 : 94ms
===================================
접속한 클라이언트 IP : 0:0:0:0:0:0:0:1
접근한 URL 경로 : /product.jsp?productId=P1234
요청 처리 시작 시각 : 2023/07/17 16:37:30
요청 처리 종료 시각 : 2023/07/17 16:37:30
요청 처리 소요 시간 : 1ms
===================================
접속한 클라이언트 IP : 0:0:0:0:0:0:0:1
접근한 URL 경로 : /cart.jsp
요청 처리 시작 시각 : 2023/07/17 16:37:31
요청 처리 종료 시각 : 2023/07/17 16:37:31
요청 처리 소요 시간 : 111ms
===================================
접속한 클라이언트 IP : 0:0:0:0:0:0:0:1
접근한 URL 경로 : /shippingInfo.jsp?cartId=ACEB94AF384EC89643EDBBD23C7126F0
요청 처리 시작 시각 : 2023/07/17 16:37:33
요청 처리 종료 시각 : 2023/07/17 16:37:33
요청 처리 소요 시간 : 76ms
===================================
접속한 클라이언트 IP : 0:0:0:0:0:0:0:1
접근한 URL 경로 : /processShippingInfo.jsp
요청 처리 시작 시각 : 2023/07/17 16:37:42
요청 처리 종료 시각 : 2023/07/17 16:37:42
요청 처리 소요 시간 : 69ms
===================================
접속한 클라이언트 IP : 0:0:0:0:0:0:0:1
접근한 URL 경로 : /orderConfirmation.jsp
요청 처리 시작 시각 : 2023/07/17 16:37:42
요청 처리 종료 시각 : 2023/07/17 16:37:42
요청 처리 소요 시간 : 33ms
===================================
접속한 클라이언트 IP : 0:0:0:0:0:0:0:1
접근한 URL 경로 : /orderConfirmation.jsp
요청 처리 시작 시각 : 2023/07/17 16:38:47
요청 처리 종료 시각 : 2023/07/17 16:38:47
요청 처리 소요 시간 : 4ms
===================================
접속한 클라이언트 IP : 0:0:0:0:0:0:0:1
접근한 URL 경로 : /css/bootstrap.min.css
요청 처리 시작 시각 : 2023/07/17 16:38:47
요청 처리 종료 시각 : 2023/07/17 16:38:47
요청 처리 소요 시간 : 2ms
===================================
접속한 클라이언트 IP : 0:0:0:0:0:0:0:1
접근한 URL 경로 : /favicon.ico
요청 처리 시작 시각 : 2023/07/17 16:38:47
요청 처리 종료 시각 : 2023/07/17 16:38:47
요청 처리 소요 시간 : 1ms
===================================
접속한 클라이언트 IP : 0:0:0:0:0:0:0:1
접근한 URL 경로 : /orderConfirmation.jsp
요청 처리 시작 시각 : 2023/07/17 16:38:47
요청 처리 종료 시각 : 2023/07/17 16:38:47
요청 처리 소요 시간 : 1ms
===================================
접속한 클라이언트 IP : 0:0:0:0:0:0:0:1
접근한 URL 경로 : /css/bootstrap.min.css
요청 처리 시작 시각 : 2023/07/17 16:38:47
요청 처리 종료 시각 : 2023/07/17 16:38:47
요청 처리 소요 시간 : 1ms
===================================
접속한 클라이언트 IP : 0:0:0:0:0:0:0:1
접근한 URL 경로 : /favicon.ico
요청 처리 시작 시각 : 2023/07/17 16:38:47
요청 처리 종료 시각 : 2023/07/17 16:38:47
요청 처리 소요 시간 : 1ms
===================================
접속한 클라이언트 IP : 0:0:0:0:0:0:0:1
접근한 URL 경로 : /orderConfirmation.jsp
요청 처리 시작 시각 : 2023/07/17 16:39:02
요청 처리 종료 시각 : 2023/07/17 16:39:02
요청 처리 소요 시간 : 3ms
===================================
접속한 클라이언트 IP : 0:0:0:0:0:0:0:1
접근한 URL 경로 : /css/bootstrap.min.css
요청 처리 시작 시각 : 2023/07/17 16:39:02
요청 처리 종료 시각 : 2023/07/17 16:39:02
요청 처리 소요 시간 : 1ms
===================================
접속한 클라이언트 IP : 0:0:0:0:0:0:0:1
접근한 URL 경로 : /favicon.ico
요청 처리 시작 시각 : 2023/07/17 16:39:02
요청 처리 종료 시각 : 2023/07/17 16:39:02
요청 처리 소요 시간 : 1ms
===================================
접속한 클라이언트 IP : 0:0:0:0:0:0:0:1
접근한 URL 경로 : /orderConfirmation.jsp
요청 처리 시작 시각 : 2023/07/17 16:39:02
요청 처리 종료 시각 : 2023/07/17 16:39:02
요청 처리 소요 시간 : 1ms
===================================
접속한 클라이언트 IP : 0:0:0:0:0:0:0:1
접근한 URL 경로 : /css/bootstrap.min.css
요청 처리 시작 시각 : 2023/07/17 16:39:02
요청 처리 종료 시각 : 2023/07/17 16:39:02
요청 처리 소요 시간 : 1ms
===================================
접속한 클라이언트 IP : 0:0:0:0:0:0:0:1
접근한 URL 경로 : /favicon.ico
요청 처리 시작 시각 : 2023/07/17 16:39:02
요청 처리 종료 시각 : 2023/07/17 16:39:02
요청 처리 소요 시간 : 0ms
===================================
접속한 클라이언트 IP : 0:0:0:0:0:0:0:1
접근한 URL 경로 : /orderConfirmation.jsp
요청 처리 시작 시각 : 2023/07/17 16:39:04
요청 처리 종료 시각 : 2023/07/17 16:39:04
요청 처리 소요 시간 : 1ms
===================================
접속한 클라이언트 IP : 0:0:0:0:0:0:0:1
접근한 URL 경로 : /css/bootstrap.min.css
요청 처리 시작 시각 : 2023/07/17 16:39:04
요청 처리 종료 시각 : 2023/07/17 16:39:04
요청 처리 소요 시간 : 1ms
===================================
접속한 클라이언트 IP : 0:0:0:0:0:0:0:1
접근한 URL 경로 : /favicon.ico
요청 처리 시작 시각 : 2023/07/17 16:39:04
요청 처리 종료 시각 : 2023/07/17 16:39:04
요청 처리 소요 시간 : 0ms
===================================
접속한 클라이언트 IP : 0:0:0:0:0:0:0:1
접근한 URL 경로 : /processShippingInfo.jsp
요청 처리 시작 시각 : 2023/07/17 16:39:05
요청 처리 종료 시각 : 2023/07/17 16:39:05
요청 처리 소요 시간 : 2ms
===================================
접속한 클라이언트 IP : 0:0:0:0:0:0:0:1
접근한 URL 경로 : /orderConfirmation.jsp
요청 처리 시작 시각 : 2023/07/17 16:39:05
요청 처리 종료 시각 : 2023/07/17 16:39:05
요청 처리 소요 시간 : 1ms
===================================
접속한 클라이언트 IP : 0:0:0:0:0:0:0:1
접근한 URL 경로 : /orderConfirmation.jsp
요청 처리 시작 시각 : 2023/07/17 16:39:48
요청 처리 종료 시각 : 2023/07/17 16:39:48
요청 처리 소요 시간 : 2ms
===================================
접속한 클라이언트 IP : 0:0:0:0:0:0:0:1
접근한 URL 경로 : /css/bootstrap.min.css
요청 처리 시작 시각 : 2023/07/17 16:39:48
요청 처리 종료 시각 : 2023/07/17 16:39:48
요청 처리 소요 시간 : 1ms
===================================
접속한 클라이언트 IP : 0:0:0:0:0:0:0:1
접근한 URL 경로 : /favicon.ico
요청 처리 시작 시각 : 2023/07/17 16:39:48
요청 처리 종료 시각 : 2023/07/17 16:39:48
요청 처리 소요 시간 : 0ms
===================================
접속한 클라이언트 IP : 0:0:0:0:0:0:0:1
접근한 URL 경로 : /orderConfirmation.jsp
요청 처리 시작 시각 : 2023/07/17 16:39:49
요청 처리 종료 시각 : 2023/07/17 16:39:49
요청 처리 소요 시간 : 1ms
===================================
접속한 클라이언트 IP : 0:0:0:0:0:0:0:1
접근한 URL 경로 : /css/bootstrap.min.css
요청 처리 시작 시각 : 2023/07/17 16:39:49
요청 처리 종료 시각 : 2023/07/17 16:39:49
요청 처리 소요 시간 : 1ms
===================================
접속한 클라이언트 IP : 0:0:0:0:0:0:0:1
접근한 URL 경로 : /favicon.ico
요청 처리 시작 시각 : 2023/07/17 16:39:49
요청 처리 종료 시각 : 2023/07/17 16:39:49
요청 처리 소요 시간 : 0ms
===================================
접속한 클라이언트 IP : 0:0:0:0:0:0:0:1
접근한 URL 경로 : /orderConfirmation.jsp
요청 처리 시작 시각 : 2023/07/17 16:41:05
요청 처리 종료 시각 : 2023/07/17 16:41:05
요청 처리 소요 시간 : 4ms
===================================
접속한 클라이언트 IP : 0:0:0:0:0:0:0:1
접근한 URL 경로 : /css/bootstrap.min.css
요청 처리 시작 시각 : 2023/07/17 16:41:05
요청 처리 종료 시각 : 2023/07/17 16:41:05
요청 처리 소요 시간 : 1ms
===================================
접속한 클라이언트 IP : 0:0:0:0:0:0:0:1
접근한 URL 경로 : /favicon.ico
요청 처리 시작 시각 : 2023/07/17 16:41:05
요청 처리 종료 시각 : 2023/07/17 16:41:05
요청 처리 소요 시간 : 1ms
===================================
접속한 클라이언트 IP : 0:0:0:0:0:0:0:1
접근한 URL 경로 : /orderConfirmation.jsp
요청 처리 시작 시각 : 2023/07/17 16:41:09
요청 처리 종료 시각 : 2023/07/17 16:41:09
요청 처리 소요 시간 : 1ms
===================================
접속한 클라이언트 IP : 0:0:0:0:0:0:0:1
접근한 URL 경로 : /css/bootstrap.min.css
요청 처리 시작 시각 : 2023/07/17 16:41:09
요청 처리 종료 시각 : 2023/07/17 16:41:09
요청 처리 소요 시간 : 0ms
===================================
접속한 클라이언트 IP : 0:0:0:0:0:0:0:1
접근한 URL 경로 : /favicon.ico
요청 처리 시작 시각 : 2023/07/17 16:41:09
요청 처리 종료 시각 : 2023/07/17 16:41:09
요청 처리 소요 시간 : 0ms
===================================
접속한 클라이언트 IP : 0:0:0:0:0:0:0:1
접근한 URL 경로 : /orderConfirmation.jsp
요청 처리 시작 시각 : 2023/07/17 17:20:40
요청 처리 종료 시각 : 2023/07/17 17:20:40
요청 처리 소요 시간 : 4ms
===================================
접속한 클라이언트 IP : 0:0:0:0:0:0:0:1
접근한 URL 경로 : /css/bootstrap.min.css
요청 처리 시작 시각 : 2023/07/17 17:20:40
요청 처리 종료 시각 : 2023/07/17 17:20:40
요청 처리 소요 시간 : 1ms
===================================
접속한 클라이언트 IP : 0:0:0:0:0:0:0:1
접근한 URL 경로 : /favicon.ico
요청 처리 시작 시각 : 2023/07/17 17:20:40
요청 처리 종료 시각 : 2023/07/17 17:20:40
요청 처리 소요 시간 : 1ms
===================================
접속한 클라이언트 IP : 0:0:0:0:0:0:0:1
접근한 URL 경로 : /orderConfirmation.jsp
요청 처리 시작 시각 : 2023/07/17 17:20:41
요청 처리 종료 시각 : 2023/07/17 17:20:41
요청 처리 소요 시간 : 1ms
===================================
접속한 클라이언트 IP : 0:0:0:0:0:0:0:1
접근한 URL 경로 : /css/bootstrap.min.css
요청 처리 시작 시각 : 2023/07/17 17:20:41
요청 처리 종료 시각 : 2023/07/17 17:20:41
요청 처리 소요 시간 : 1ms
===================================
접속한 클라이언트 IP : 0:0:0:0:0:0:0:1
접근한 URL 경로 : /favicon.ico
요청 처리 시작 시각 : 2023/07/17 17:20:41
요청 처리 종료 시각 : 2023/07/17 17:20:41
요청 처리 소요 시간 : 0ms
===================================
접속한 클라이언트 IP : 0:0:0:0:0:0:0:1
접근한 URL 경로 : /orderConfirmation.jsp
요청 처리 시작 시각 : 2023/07/17 17:23:02
요청 처리 종료 시각 : 2023/07/17 17:23:02
요청 처리 소요 시간 : 2ms
===================================
접속한 클라이언트 IP : 0:0:0:0:0:0:0:1
접근한 URL 경로 : /css/bootstrap.min.css
요청 처리 시작 시각 : 2023/07/17 17:23:02
요청 처리 종료 시각 : 2023/07/17 17:23:02
요청 처리 소요 시간 : 2ms
===================================
접속한 클라이언트 IP : 0:0:0:0:0:0:0:1
접근한 URL 경로 : /favicon.ico
요청 처리 시작 시각 : 2023/07/17 17:23:02
요청 처리 종료 시각 : 2023/07/17 17:23:02
요청 처리 소요 시간 : 0ms
===================================
접속한 클라이언트 IP : 0:0:0:0:0:0:0:1
접근한 URL 경로 : /processShippingInfo.jsp
요청 처리 시작 시각 : 2023/07/17 17:23:05
요청 처리 종료 시각 : 2023/07/17 17:23:05
요청 처리 소요 시간 : 2ms
===================================
접속한 클라이언트 IP : 0:0:0:0:0:0:0:1
접근한 URL 경로 : /orderConfirmation.jsp
요청 처리 시작 시각 : 2023/07/17 17:23:05
요청 처리 종료 시각 : 2023/07/17 17:23:05
요청 처리 소요 시간 : 1ms
===================================
접속한 클라이언트 IP : 0:0:0:0:0:0:0:1
접근한 URL 경로 : /shippingInfo.jsp?cartId=ACEB94AF384EC89643EDBBD23C7126F0
요청 처리 시작 시각 : 2023/07/17 17:23:09
요청 처리 종료 시각 : 2023/07/17 17:23:09
요청 처리 소요 시간 : 4ms
===================================
접속한 클라이언트 IP : 0:0:0:0:0:0:0:1
접근한 URL 경로 : /processShippingInfo.jsp
요청 처리 시작 시각 : 2023/07/17 17:23:17
요청 처리 종료 시각 : 2023/07/17 17:23:17
요청 처리 소요 시간 : 1ms
===================================
접속한 클라이언트 IP : 0:0:0:0:0:0:0:1
접근한 URL 경로 : /orderConfirmation.jsp
요청 처리 시작 시각 : 2023/07/17 17:23:17
요청 처리 종료 시각 : 2023/07/17 17:23:17
요청 처리 소요 시간 : 3ms
===================================
접속한 클라이언트 IP : 127.0.0.1
접근한 URL 경로 : /
요청 처리 시작 시각 : 2023/07/17 17:23:45
요청 처리 종료 시각 : 2023/07/17 17:23:45
요청 처리 소요 시간 : 4ms
===================================
접속한 클라이언트 IP : 127.0.0.1
접근한 URL 경로 : /
요청 처리 시작 시각 : 2023/07/17 17:23:45
요청 처리 종료 시각 : 2023/07/17 17:23:45
요청 처리 소요 시간 : 0ms
===================================
접속한 클라이언트 IP : 0:0:0:0:0:0:0:1
접근한 URL 경로 : /
요청 처리 시작 시각 : 2023/07/17 17:23:45
요청 처리 종료 시각 : 2023/07/17 17:23:45
요청 처리 소요 시간 : 0ms
===================================
접속한 클라이언트 IP : 0:0:0:0:0:0:0:1
접근한 URL 경로 : /products.jsp
요청 처리 시작 시각 : 2023/07/17 17:24:48
요청 처리 종료 시각 : 2023/07/17 17:24:49
요청 처리 소요 시간 : 196ms
===================================
접속한 클라이언트 IP : 0:0:0:0:0:0:0:1
접근한 URL 경로 : /images/P1234.jpg
요청 처리 시작 시각 : 2023/07/17 17:24:49
접속한 클라이언트 IP : 0:0:0:0:0:0:0:1
접속한 클라이언트 IP : 0:0:0:0:0:0:0:1
요청 처리 종료 시각 : 2023/07/17 17:24:49
요청 처리 소요 시간 : 1ms
===================================
접근한 URL 경로 : /images/P1236.jpg
접근한 URL 경로 : /images/P1235.jpg
요청 처리 시작 시각 : 2023/07/17 17:24:49
요청 처리 시작 시각 : 2023/07/17 17:24:49
요청 처리 종료 시각 : 2023/07/17 17:24:49
요청 처리 소요 시간 : 1ms
===================================
요청 처리 종료 시각 : 2023/07/17 17:24:49
요청 처리 소요 시간 : 2ms
===================================
접속한 클라이언트 IP : 0:0:0:0:0:0:0:1
접근한 URL 경로 : /product.jsp?productId=P1234
요청 처리 시작 시각 : 2023/07/17 17:24:51
요청 처리 종료 시각 : 2023/07/17 17:24:52
요청 처리 소요 시간 : 85ms
===================================
접속한 클라이언트 IP : 0:0:0:0:0:0:0:1
접근한 URL 경로 : /addCart.jsp?productId=P1234
요청 처리 시작 시각 : 2023/07/17 17:24:54
요청 처리 종료 시각 : 2023/07/17 17:24:54
요청 처리 소요 시간 : 95ms
===================================
접속한 클라이언트 IP : 0:0:0:0:0:0:0:1
접근한 URL 경로 : /product.jsp?productId=P1234
요청 처리 시작 시각 : 2023/07/17 17:24:54
요청 처리 종료 시각 : 2023/07/17 17:24:54
요청 처리 소요 시간 : 1ms
===================================
접속한 클라이언트 IP : 0:0:0:0:0:0:0:1
접근한 URL 경로 : /cart.jsp
요청 처리 시작 시각 : 2023/07/17 17:24:55
요청 처리 종료 시각 : 2023/07/17 17:24:55
요청 처리 소요 시간 : 109ms
===================================
접속한 클라이언트 IP : 0:0:0:0:0:0:0:1
접근한 URL 경로 : /shippingInfo.jsp?cartId=B217807F6D9EAF4410A1D5F95DA28336
요청 처리 시작 시각 : 2023/07/17 17:24:57
요청 처리 종료 시각 : 2023/07/17 17:24:57
요청 처리 소요 시간 : 80ms
===================================
접속한 클라이언트 IP : 0:0:0:0:0:0:0:1
접근한 URL 경로 : /processShippingInfo.jsp
요청 처리 시작 시각 : 2023/07/17 17:25:06
요청 처리 종료 시각 : 2023/07/17 17:25:06
요청 처리 소요 시간 : 70ms
===================================
접속한 클라이언트 IP : 0:0:0:0:0:0:0:1
접근한 URL 경로 : /orderConfirmation.jsp
요청 처리 시작 시각 : 2023/07/17 17:25:06
요청 처리 종료 시각 : 2023/07/17 17:25:06
요청 처리 소요 시간 : 46ms
===================================
접속한 클라이언트 IP : 0:0:0:0:0:0:0:1
접근한 URL 경로 : /orderConfirmation.jsp
요청 처리 시작 시각 : 2023/07/17 17:25:14
요청 처리 종료 시각 : 2023/07/17 17:25:14
요청 처리 소요 시간 : 1ms
===================================
접속한 클라이언트 IP : 0:0:0:0:0:0:0:1
접근한 URL 경로 : /css/bootstrap.min.css
요청 처리 시작 시각 : 2023/07/17 17:25:14
요청 처리 종료 시각 : 2023/07/17 17:25:14
요청 처리 소요 시간 : 1ms
===================================
접속한 클라이언트 IP : 0:0:0:0:0:0:0:1
접근한 URL 경로 : /favicon.ico
요청 처리 시작 시각 : 2023/07/17 17:25:14
요청 처리 종료 시각 : 2023/07/17 17:25:14
요청 처리 소요 시간 : 0ms
===================================
접속한 클라이언트 IP : 0:0:0:0:0:0:0:1
접근한 URL 경로 : /orderConfirmation.jsp
요청 처리 시작 시각 : 2023/07/17 17:25:16
요청 처리 종료 시각 : 2023/07/17 17:25:16
요청 처리 소요 시간 : 2ms
===================================
접속한 클라이언트 IP : 0:0:0:0:0:0:0:1
접근한 URL 경로 : /css/bootstrap.min.css
요청 처리 시작 시각 : 2023/07/17 17:25:16
요청 처리 종료 시각 : 2023/07/17 17:25:16
요청 처리 소요 시간 : 1ms
===================================
접속한 클라이언트 IP : 0:0:0:0:0:0:0:1
접근한 URL 경로 : /favicon.ico
요청 처리 시작 시각 : 2023/07/17 17:25:16
요청 처리 종료 시각 : 2023/07/17 17:25:16
요청 처리 소요 시간 : 1ms
===================================
접속한 클라이언트 IP : 0:0:0:0:0:0:0:1
접근한 URL 경로 : /orderConfirmation.jsp
요청 처리 시작 시각 : 2023/07/17 17:25:19
요청 처리 종료 시각 : 2023/07/17 17:25:19
요청 처리 소요 시간 : 3ms
===================================
접속한 클라이언트 IP : 0:0:0:0:0:0:0:1
접근한 URL 경로 : /css/bootstrap.min.css
요청 처리 시작 시각 : 2023/07/17 17:25:19
요청 처리 종료 시각 : 2023/07/17 17:25:19
요청 처리 소요 시간 : 1ms
===================================
접속한 클라이언트 IP : 0:0:0:0:0:0:0:1
접근한 URL 경로 : /favicon.ico
요청 처리 시작 시각 : 2023/07/17 17:25:19
요청 처리 종료 시각 : 2023/07/17 17:25:19
요청 처리 소요 시간 : 1ms
===================================
접속한 클라이언트 IP : 0:0:0:0:0:0:0:1
접근한 URL 경로 : /orderConfirmation.jsp
요청 처리 시작 시각 : 2023/07/17 17:25:19
요청 처리 종료 시각 : 2023/07/17 17:25:19
요청 처리 소요 시간 : 2ms
===================================
접속한 클라이언트 IP : 0:0:0:0:0:0:0:1
접근한 URL 경로 : /css/bootstrap.min.css
요청 처리 시작 시각 : 2023/07/17 17:25:19
요청 처리 종료 시각 : 2023/07/17 17:25:19
요청 처리 소요 시간 : 1ms
===================================
접속한 클라이언트 IP : 0:0:0:0:0:0:0:1
접근한 URL 경로 : /favicon.ico
요청 처리 시작 시각 : 2023/07/17 17:25:19
요청 처리 종료 시각 : 2023/07/17 17:25:19
요청 처리 소요 시간 : 0ms
===================================
접속한 클라이언트 IP : 0:0:0:0:0:0:0:1
접근한 URL 경로 : /orderConfirmation.jsp
요청 처리 시작 시각 : 2023/07/17 17:25:19
요청 처리 종료 시각 : 2023/07/17 17:25:19
요청 처리 소요 시간 : 2ms
===================================
접속한 클라이언트 IP : 0:0:0:0:0:0:0:1
접근한 URL 경로 : /css/bootstrap.min.css
요청 처리 시작 시각 : 2023/07/17 17:25:19
요청 처리 종료 시각 : 2023/07/17 17:25:19
요청 처리 소요 시간 : 1ms
===================================
접속한 클라이언트 IP : 0:0:0:0:0:0:0:1
접근한 URL 경로 : /favicon.ico
요청 처리 시작 시각 : 2023/07/17 17:25:19
요청 처리 종료 시각 : 2023/07/17 17:25:19
요청 처리 소요 시간 : 0ms
===================================
접속한 클라이언트 IP : 0:0:0:0:0:0:0:1
접근한 URL 경로 : /orderConfirmation.jsp
요청 처리 시작 시각 : 2023/07/17 17:25:19
요청 처리 종료 시각 : 2023/07/17 17:25:19
요청 처리 소요 시간 : 3ms
===================================
접속한 클라이언트 IP : 0:0:0:0:0:0:0:1
접근한 URL 경로 : /css/bootstrap.min.css
요청 처리 시작 시각 : 2023/07/17 17:25:19
요청 처리 종료 시각 : 2023/07/17 17:25:19
요청 처리 소요 시간 : 1ms
===================================
접속한 클라이언트 IP : 0:0:0:0:0:0:0:1
접근한 URL 경로 : /favicon.ico
요청 처리 시작 시각 : 2023/07/17 17:25:19
요청 처리 종료 시각 : 2023/07/17 17:25:19
요청 처리 소요 시간 : 1ms
===================================
접속한 클라이언트 IP : 0:0:0:0:0:0:0:1
접근한 URL 경로 : /orderConfirmation.jsp
요청 처리 시작 시각 : 2023/07/17 17:25:36
요청 처리 종료 시각 : 2023/07/17 17:25:36
요청 처리 소요 시간 : 4ms
===================================
접속한 클라이언트 IP : 0:0:0:0:0:0:0:1
접근한 URL 경로 : /css/bootstrap.min.css
요청 처리 시작 시각 : 2023/07/17 17:25:36
요청 처리 종료 시각 : 2023/07/17 17:25:36
요청 처리 소요 시간 : 1ms
===================================
접속한 클라이언트 IP : 0:0:0:0:0:0:0:1
접근한 URL 경로 : /favicon.ico
요청 처리 시작 시각 : 2023/07/17 17:25:36
요청 처리 종료 시각 : 2023/07/17 17:25:36
요청 처리 소요 시간 : 0ms
===================================
접속한 클라이언트 IP : 0:0:0:0:0:0:0:1
접근한 URL 경로 : /processShippingInfo.jsp
요청 처리 시작 시각 : 2023/07/17 17:25:39
요청 처리 종료 시각 : 2023/07/17 17:25:39
요청 처리 소요 시간 : 3ms
===================================
접속한 클라이언트 IP : 0:0:0:0:0:0:0:1
접근한 URL 경로 : /orderConfirmation.jsp
요청 처리 시작 시각 : 2023/07/17 17:25:39
요청 처리 종료 시각 : 2023/07/17 17:25:39
요청 처리 소요 시간 : 2ms
===================================
접속한 클라이언트 IP : 127.0.0.1
접근한 URL 경로 : /
요청 처리 시작 시각 : 2023/07/17 17:25:59
요청 처리 종료 시각 : 2023/07/17 17:25:59
요청 처리 소요 시간 : 2ms
===================================
접속한 클라이언트 IP : 127.0.0.1
접근한 URL 경로 : /
요청 처리 시작 시각 : 2023/07/17 17:26:00
요청 처리 종료 시각 : 2023/07/17 17:26:00
요청 처리 소요 시간 : 0ms
===================================
접속한 클라이언트 IP : 0:0:0:0:0:0:0:1
접근한 URL 경로 : /
요청 처리 시작 시각 : 2023/07/17 17:26:00
요청 처리 종료 시각 : 2023/07/17 17:26:00
요청 처리 소요 시간 : 0ms
===================================
접속한 클라이언트 IP : 0:0:0:0:0:0:0:1
접근한 URL 경로 : /products.jsp
요청 처리 시작 시각 : 2023/07/17 17:26:03
요청 처리 종료 시각 : 2023/07/17 17:26:03
요청 처리 소요 시간 : 191ms
===================================
접속한 클라이언트 IP : 0:0:0:0:0:0:0:1
접근한 URL 경로 : /product.jsp?productId=P1234
요청 처리 시작 시각 : 2023/07/17 17:26:07
요청 처리 종료 시각 : 2023/07/17 17:26:07
요청 처리 소요 시간 : 86ms
===================================
접속한 클라이언트 IP : 0:0:0:0:0:0:0:1
접근한 URL 경로 : /addCart.jsp?productId=P1234
요청 처리 시작 시각 : 2023/07/17 17:26:09
요청 처리 종료 시각 : 2023/07/17 17:26:09
요청 처리 소요 시간 : 94ms
===================================
접속한 클라이언트 IP : 0:0:0:0:0:0:0:1
접근한 URL 경로 : /product.jsp?productId=P1234
요청 처리 시작 시각 : 2023/07/17 17:26:09
요청 처리 종료 시각 : 2023/07/17 17:26:09
요청 처리 소요 시간 : 1ms
===================================
접속한 클라이언트 IP : 0:0:0:0:0:0:0:1
접근한 URL 경로 : /cart.jsp
요청 처리 시작 시각 : 2023/07/17 17:26:11
요청 처리 종료 시각 : 2023/07/17 17:26:11
요청 처리 소요 시간 : 105ms
===================================
접속한 클라이언트 IP : 0:0:0:0:0:0:0:1
접근한 URL 경로 : /shippingInfo.jsp?cartId=7657A9C2717310BEAD7962EF8D41D726
요청 처리 시작 시각 : 2023/07/17 17:26:12
요청 처리 종료 시각 : 2023/07/17 17:26:12
요청 처리 소요 시간 : 74ms
===================================
접속한 클라이언트 IP : 0:0:0:0:0:0:0:1
접근한 URL 경로 : /processShippingInfo.jsp
요청 처리 시작 시각 : 2023/07/17 17:26:21
요청 처리 종료 시각 : 2023/07/17 17:26:21
요청 처리 소요 시간 : 71ms
===================================
접속한 클라이언트 IP : 0:0:0:0:0:0:0:1
접근한 URL 경로 : /orderConfirmation.jsp
요청 처리 시작 시각 : 2023/07/17 17:26:21
요청 처리 종료 시각 : 2023/07/17 17:26:21
요청 처리 소요 시간 : 52ms
===================================
접속한 클라이언트 IP : 127.0.0.1
접근한 URL 경로 : /
요청 처리 시작 시각 : 2023/07/17 17:26:49
요청 처리 종료 시각 : 2023/07/17 17:26:49
요청 처리 소요 시간 : 3ms
===================================
접속한 클라이언트 IP : 127.0.0.1
접근한 URL 경로 : /
요청 처리 시작 시각 : 2023/07/17 17:26:49
요청 처리 종료 시각 : 2023/07/17 17:26:49
요청 처리 소요 시간 : 0ms
===================================
접속한 클라이언트 IP : 0:0:0:0:0:0:0:1
접근한 URL 경로 : /
요청 처리 시작 시각 : 2023/07/17 17:26:49
요청 처리 종료 시각 : 2023/07/17 17:26:49
요청 처리 소요 시간 : 3ms
===================================
접속한 클라이언트 IP : 0:0:0:0:0:0:0:1
접근한 URL 경로 : /products.jsp
요청 처리 시작 시각 : 2023/07/17 17:26:52
요청 처리 종료 시각 : 2023/07/17 17:26:52
요청 처리 소요 시간 : 193ms
===================================
접속한 클라이언트 IP : 0:0:0:0:0:0:0:1
접근한 URL 경로 : /product.jsp?productId=P1234
요청 처리 시작 시각 : 2023/07/17 17:26:56
요청 처리 종료 시각 : 2023/07/17 17:26:56
요청 처리 소요 시간 : 84ms
===================================
접속한 클라이언트 IP : 0:0:0:0:0:0:0:1
접근한 URL 경로 : /cart.jsp
요청 처리 시작 시각 : 2023/07/17 17:26:57
요청 처리 종료 시각 : 2023/07/17 17:26:57
요청 처리 소요 시간 : 119ms
===================================
접속한 클라이언트 IP : 0:0:0:0:0:0:0:1
접근한 URL 경로 : /products.jsp
요청 처리 시작 시각 : 2023/07/17 17:27:00
요청 처리 종료 시각 : 2023/07/17 17:27:00
요청 처리 소요 시간 : 4ms
===================================
접속한 클라이언트 IP : 0:0:0:0:0:0:0:1
접근한 URL 경로 : /product.jsp?productId=P1234
요청 처리 시작 시각 : 2023/07/17 17:27:01
요청 처리 종료 시각 : 2023/07/17 17:27:01
요청 처리 소요 시간 : 3ms
===================================
접속한 클라이언트 IP : 0:0:0:0:0:0:0:1
접근한 URL 경로 : /addCart.jsp?productId=P1234
요청 처리 시작 시각 : 2023/07/17 17:27:03
요청 처리 종료 시각 : 2023/07/17 17:27:03
요청 처리 소요 시간 : 62ms
===================================
접속한 클라이언트 IP : 0:0:0:0:0:0:0:1
접근한 URL 경로 : /product.jsp?productId=P1234
요청 처리 시작 시각 : 2023/07/17 17:27:03
요청 처리 종료 시각 : 2023/07/17 17:27:03
요청 처리 소요 시간 : 1ms
===================================
접속한 클라이언트 IP : 0:0:0:0:0:0:0:1
접근한 URL 경로 : /cart.jsp
요청 처리 시작 시각 : 2023/07/17 17:27:05
요청 처리 종료 시각 : 2023/07/17 17:27:05
요청 처리 소요 시간 : 6ms
===================================
접속한 클라이언트 IP : 0:0:0:0:0:0:0:1
접근한 URL 경로 : /shippingInfo.jsp?cartId=E271D901F129D1089722F1F179F14929
요청 처리 시작 시각 : 2023/07/17 17:27:07
요청 처리 종료 시각 : 2023/07/17 17:27:07
요청 처리 소요 시간 : 73ms
===================================
접속한 클라이언트 IP : 0:0:0:0:0:0:0:1
접근한 URL 경로 : /processShippingInfo.jsp
요청 처리 시작 시각 : 2023/07/17 17:27:14
요청 처리 종료 시각 : 2023/07/17 17:27:14
요청 처리 소요 시간 : 79ms
===================================
접속한 클라이언트 IP : 0:0:0:0:0:0:0:1
접근한 URL 경로 : /orderConfirmation.jsp
요청 처리 시작 시각 : 2023/07/17 17:27:14
요청 처리 종료 시각 : 2023/07/17 17:27:14
요청 처리 소요 시간 : 48ms
===================================
접속한 클라이언트 IP : 0:0:0:0:0:0:0:1
접근한 URL 경로 : /orderConfirmation.jsp
요청 처리 시작 시각 : 2023/07/17 17:30:15
요청 처리 종료 시각 : 2023/07/17 17:30:15
요청 처리 소요 시간 : 4ms
===================================
접속한 클라이언트 IP : 0:0:0:0:0:0:0:1
접근한 URL 경로 : /css/bootstrap.min.css
요청 처리 시작 시각 : 2023/07/17 17:30:15
요청 처리 종료 시각 : 2023/07/17 17:30:15
요청 처리 소요 시간 : 1ms
===================================
접속한 클라이언트 IP : 0:0:0:0:0:0:0:1
접근한 URL 경로 : /favicon.ico
요청 처리 시작 시각 : 2023/07/17 17:30:15
요청 처리 종료 시각 : 2023/07/17 17:30:15
요청 처리 소요 시간 : 0ms
===================================
접속한 클라이언트 IP : 0:0:0:0:0:0:0:1
접근한 URL 경로 : /orderConfirmation.jsp
요청 처리 시작 시각 : 2023/07/17 17:30:16
요청 처리 종료 시각 : 2023/07/17 17:30:16
요청 처리 소요 시간 : 2ms
===================================
접속한 클라이언트 IP : 0:0:0:0:0:0:0:1
접근한 URL 경로 : /css/bootstrap.min.css
요청 처리 시작 시각 : 2023/07/17 17:30:16
요청 처리 종료 시각 : 2023/07/17 17:30:16
요청 처리 소요 시간 : 1ms
===================================
접속한 클라이언트 IP : 0:0:0:0:0:0:0:1
접근한 URL 경로 : /favicon.ico
요청 처리 시작 시각 : 2023/07/17 17:30:16
요청 처리 종료 시각 : 2023/07/17 17:30:16
요청 처리 소요 시간 : 1ms
===================================
